<?xml version="1.0" encoding="UTF-8"?>
<testsuite xmlns:xsi="http://www.w3.org/2001/XMLSchema-instance" xsi:noNamespaceSchemaLocation="https://maven.apache.org/surefire/maven-surefire-plugin/xsd/surefire-test-report-3.0.xsd" version="3.0" name="com.example.helidonmp.patterns.ServerConfigTest" time="0.005" tests="5" errors="0" skipped="0" failures="0">
  <properties>
[...]
</properties>
  <testcase name="testBuilderReturnsInstanceAndImmutability" classname="com.example.helidonmp.patterns.ServerConfigTest" time="0.001"/>
  <testcase name="testBuilderSetsProvidedValues" classname="com.example.helidonmp.patterns.ServerConfigTest" time="0.0"/>
  <testcase name="testBuilderUsesDefaultsWhenNotSpecified" classname="com.example.helidonmp.patterns.ServerConfigTest" time="0.0"/>
  <testcase name="testBuilderPartialSetters" classname="com.example.helidonmp.patterns.ServerConfigTest" time="0.0"/>
  <testcase name="testToStringContainsAllFields" classname="com.example.helidonmp.patterns.ServerConfigTest" time="0.002"/>
</testsuite>